<?xml version="1.0" encoding="UTF-8"?>
<coverage generated="1734223579879" clover="3.2.0">
  <project timestamp="1734223579880" name="All files">
    <metrics statements="41" coveredstatements="41" conditionals="61" coveredconditionals="61" methods="13" coveredmethods="13" elements="115" coveredelements="115" complexity="0" loc="41" ncloc="41" packages="1" files="2" classes="2"/>
    <file name="guards.ts" path="/Volumes/VideoProjects/MaiQR - Platform/git-src/nostr-crypto-utils/src/types/guards.ts">
      <metrics statements="20" coveredstatements="20" conditionals="57" coveredconditionals="57" methods="11" coveredmethods="11"/>
      <line num="8" count="24" type="cond" truecount="3" falsecount="0"/>
      <line num="10" count="20" type="stmt"/>
      <line num="11" count="20" type="stmt"/>
      <line num="16" count="2025" type="cond" truecount="2" falsecount="0"/>
      <line num="25" count="8" type="cond" truecount="1" falsecount="0"/>
      <line num="27" count="5" type="stmt"/>
      <line num="28" count="5" type="stmt"/>
      <line num="39" count="27" type="cond" truecount="3" falsecount="0"/>
      <line num="41" count="24" type="stmt"/>
      <line num="43" count="24" type="cond" truecount="8" falsecount="0"/>
      <line num="53" count="24" type="cond" truecount="1" falsecount="0"/>
      <line num="55" count="23" type="stmt"/>
      <line num="56" count="7" type="cond" truecount="21" falsecount="0"/>
      <line num="57" count="9" type="stmt"/>
      <line num="58" count="10" type="stmt"/>
      <line num="59" count="5" type="stmt"/>
      <line num="60" count="5" type="stmt"/>
      <line num="71" count="10" type="cond" truecount="3" falsecount="0"/>
      <line num="73" count="8" type="stmt"/>
      <line num="74" count="8" type="stmt"/>
    </file>
    <file name="protocol.ts" path="/Volumes/VideoProjects/MaiQR - Platform/git-src/nostr-crypto-utils/src/types/protocol.ts">
      <metrics statements="21" coveredstatements="21" conditionals="4" coveredconditionals="4" methods="2" coveredmethods="2"/>
      <line num="8" count="1" type="cond" truecount="2" falsecount="0"/>
      <line num="9" count="1" type="stmt"/>
      <line num="10" count="1" type="stmt"/>
      <line num="11" count="1" type="stmt"/>
      <line num="12" count="1" type="stmt"/>
      <line num="13" count="1" type="stmt"/>
      <line num="14" count="1" type="stmt"/>
      <line num="15" count="1" type="stmt"/>
      <line num="21" count="1" type="cond" truecount="2" falsecount="0"/>
      <line num="22" count="1" type="stmt"/>
      <line num="23" count="1" type="stmt"/>
      <line num="24" count="1" type="stmt"/>
      <line num="25" count="1" type="stmt"/>
      <line num="26" count="1" type="stmt"/>
      <line num="27" count="1" type="stmt"/>
      <line num="28" count="1" type="stmt"/>
      <line num="29" count="1" type="stmt"/>
      <line num="30" count="1" type="stmt"/>
      <line num="31" count="1" type="stmt"/>
      <line num="32" count="1" type="stmt"/>
      <line num="33" count="1" type="stmt"/>
    </file>
  </project>
</coverage>
