{"/Volumes/VideoProjects/MaiQR - Platform/git-src/nostr-crypto-utils/src/types/guards.ts": {"path":"/Volumes/VideoProjects/MaiQR - Platform/git-src/nostr-crypto-utils/src/types/guards.ts","statementMap":{"0":{"start":{"line":8,"column":2},"end":{"line":8,"column":52}},"1":{"start":{"line":8,"column":39},"end":{"line":8,"column":52}},"2":{"start":{"line":10,"column":16},"end":{"line":10,"column":33}},"3":{"start":{"line":11,"column":2},"end":{"line":18,"column":4}},"4":{"start":{"line":16,"column":28},"end":{"line":16,"column":93}},"5":{"start":{"line":16,"column":68},"end":{"line":16,"column":92}},"6":{"start":{"line":25,"column":2},"end":{"line":25,"column":39}},"7":{"start":{"line":25,"column":26},"end":{"line":25,"column":39}},"8":{"start":{"line":27,"column":16},"end":{"line":27,"column":39}},"9":{"start":{"line":28,"column":2},"end":{"line":32,"column":4}},"10":{"start":{"line":39,"column":2},"end":{"line":39,"column":52}},"11":{"start":{"line":39,"column":39},"end":{"line":39,"column":52}},"12":{"start":{"line":41,"column":17},"end":{"line":41,"column":35}},"13":{"start":{"line":43,"column":4},"end":{"line":50,"column":21}},"14":{"start":{"line":53,"column":2},"end":{"line":53,"column":38}},"15":{"start":{"line":53,"column":25},"end":{"line":53,"column":38}},"16":{"start":{"line":55,"column":2},"end":{"line":64,"column":4}},"17":{"start":{"line":56,"column":80},"end":{"line":56,"column":102}},"18":{"start":{"line":57,"column":96},"end":{"line":57,"column":122}},"19":{"start":{"line":58,"column":88},"end":{"line":58,"column":112}},"20":{"start":{"line":59,"column":82},"end":{"line":59,"column":103}},"21":{"start":{"line":60,"column":82},"end":{"line":60,"column":103}},"22":{"start":{"line":71,"column":2},"end":{"line":71,"column":52}},"23":{"start":{"line":71,"column":39},"end":{"line":71,"column":52}},"24":{"start":{"line":73,"column":14},"end":{"line":73,"column":38}},"25":{"start":{"line":74,"column":2},"end":{"line":80,"column":4}}},"fnMap":{"0":{"name":"isNostrEvent","decl":{"start":{"line":7,"column":16},"end":{"line":7,"column":28}},"loc":{"start":{"line":7,"column":41},"end":{"line":19,"column":1}}},"1":{"name":"(anonymous_1)","decl":{"start":{"line":16,"column":21},"end":{"line":16,"column":24}},"loc":{"start":{"line":16,"column":28},"end":{"line":16,"column":93}}},"2":{"name":"(anonymous_2)","decl":{"start":{"line":16,"column":60},"end":{"line":16,"column":64}},"loc":{"start":{"line":16,"column":68},"end":{"line":16,"column":92}}},"3":{"name":"isSignedNostrEvent","decl":{"start":{"line":24,"column":16},"end":{"line":24,"column":34}},"loc":{"start":{"line":24,"column":47},"end":{"line":33,"column":1}}},"4":{"name":"isNostrFilter","decl":{"start":{"line":38,"column":16},"end":{"line":38,"column":29}},"loc":{"start":{"line":38,"column":42},"end":{"line":65,"column":1}}},"5":{"name":"(anonymous_5)","decl":{"start":{"line":56,"column":74},"end":{"line":56,"column":76}},"loc":{"start":{"line":56,"column":80},"end":{"line":56,"column":102}}},"6":{"name":"(anonymous_6)","decl":{"start":{"line":57,"column":86},"end":{"line":57,"column":92}},"loc":{"start":{"line":57,"column":96},"end":{"line":57,"column":122}}},"7":{"name":"(anonymous_7)","decl":{"start":{"line":58,"column":80},"end":{"line":58,"column":84}},"loc":{"start":{"line":58,"column":88},"end":{"line":58,"column":112}}},"8":{"name":"(anonymous_8)","decl":{"start":{"line":59,"column":77},"end":{"line":59,"column":78}},"loc":{"start":{"line":59,"column":82},"end":{"line":59,"column":103}}},"9":{"name":"(anonymous_9)","decl":{"start":{"line":60,"column":77},"end":{"line":60,"column":78}},"loc":{"start":{"line":60,"column":82},"end":{"line":60,"column":103}}},"10":{"name":"isNostrSubscription","decl":{"start":{"line":70,"column":16},"end":{"line":70,"column":35}},"loc":{"start":{"line":70,"column":48},"end":{"line":81,"column":1}}}},"branchMap":{"0":{"loc":{"start":{"line":8,"column":2},"end":{"line":8,"column":52}},"type":"if","locations":[{"start":{"line":8,"column":2},"end":{"line":8,"column":52}}]},"1":{"loc":{"start":{"line":8,"column":6},"end":{"line":8,"column":37}},"type":"binary-expr","locations":[{"start":{"line":8,"column":6},"end":{"line":8,"column":10}},{"start":{"line":8,"column":14},"end":{"line":8,"column":37}}]},"2":{"loc":{"start":{"line":12,"column":4},"end":{"line":17,"column":55}},"type":"binary-expr","locations":[{"start":{"line":12,"column":4},"end":{"line":12,"column":34}},{"start":{"line":13,"column":4},"end":{"line":13,"column":40}},{"start":{"line":14,"column":4},"end":{"line":14,"column":37}},{"start":{"line":15,"column":4},"end":{"line":15,"column":29}},{"start":{"line":16,"column":4},"end":{"line":16,"column":94}},{"start":{"line":17,"column":5},"end":{"line":17,"column":18}},{"start":{"line":17,"column":22},"end":{"line":17,"column":54}}]},"3":{"loc":{"start":{"line":16,"column":28},"end":{"line":16,"column":93}},"type":"binary-expr","locations":[{"start":{"line":16,"column":28},"end":{"line":16,"column":46}},{"start":{"line":16,"column":50},"end":{"line":16,"column":93}}]},"4":{"loc":{"start":{"line":25,"column":2},"end":{"line":25,"column":39}},"type":"if","locations":[{"start":{"line":25,"column":2},"end":{"line":25,"column":39}}]},"5":{"loc":{"start":{"line":29,"column":4},"end":{"line":31,"column":36}},"type":"binary-expr","locations":[{"start":{"line":29,"column":4},"end":{"line":29,"column":32}},{"start":{"line":30,"column":4},"end":{"line":30,"column":33}},{"start":{"line":31,"column":4},"end":{"line":31,"column":36}}]},"6":{"loc":{"start":{"line":39,"column":2},"end":{"line":39,"column":52}},"type":"if","locations":[{"start":{"line":39,"column":2},"end":{"line":39,"column":52}}]},"7":{"loc":{"start":{"line":39,"column":6},"end":{"line":39,"column":37}},"type":"binary-expr","locations":[{"start":{"line":39,"column":6},"end":{"line":39,"column":10}},{"start":{"line":39,"column":14},"end":{"line":39,"column":37}}]},"8":{"loc":{"start":{"line":43,"column":4},"end":{"line":50,"column":21}},"type":"binary-expr","locations":[{"start":{"line":43,"column":4},"end":{"line":43,"column":19}},{"start":{"line":44,"column":4},"end":{"line":44,"column":23}},{"start":{"line":45,"column":4},"end":{"line":45,"column":21}},{"start":{"line":46,"column":4},"end":{"line":46,"column":18}},{"start":{"line":47,"column":4},"end":{"line":47,"column":18}},{"start":{"line":48,"column":4},"end":{"line":48,"column":21}},{"start":{"line":49,"column":4},"end":{"line":49,"column":21}},{"start":{"line":50,"column":4},"end":{"line":50,"column":21}}]},"9":{"loc":{"start":{"line":53,"column":2},"end":{"line":53,"column":38}},"type":"if","locations":[{"start":{"line":53,"column":2},"end":{"line":53,"column":38}}]},"10":{"loc":{"start":{"line":56,"column":4},"end":{"line":63,"column":62}},"type":"binary-expr","locations":[{"start":{"line":56,"column":5},"end":{"line":56,"column":23}},{"start":{"line":56,"column":28},"end":{"line":56,"column":53}},{"start":{"line":56,"column":57},"end":{"line":56,"column":103}},{"start":{"line":57,"column":5},"end":{"line":57,"column":27}},{"start":{"line":57,"column":32},"end":{"line":57,"column":61}},{"start":{"line":57,"column":65},"end":{"line":57,"column":123}},{"start":{"line":58,"column":5},"end":{"line":58,"column":25}},{"start":{"line":58,"column":30},"end":{"line":58,"column":57}},{"start":{"line":58,"column":61},"end":{"line":58,"column":113}},{"start":{"line":59,"column":5},"end":{"line":59,"column":22}},{"start":{"line":59,"column":27},"end":{"line":59,"column":54}},{"start":{"line":59,"column":58},"end":{"line":59,"column":104}},{"start":{"line":60,"column":5},"end":{"line":60,"column":22}},{"start":{"line":60,"column":27},"end":{"line":60,"column":54}},{"start":{"line":60,"column":58},"end":{"line":60,"column":104}},{"start":{"line":61,"column":5},"end":{"line":61,"column":25}},{"start":{"line":61,"column":29},"end":{"line":61,"column":61}},{"start":{"line":62,"column":5},"end":{"line":62,"column":25}},{"start":{"line":62,"column":29},"end":{"line":62,"column":61}},{"start":{"line":63,"column":5},"end":{"line":63,"column":25}},{"start":{"line":63,"column":29},"end":{"line":63,"column":61}}]},"11":{"loc":{"start":{"line":71,"column":2},"end":{"line":71,"column":52}},"type":"if","locations":[{"start":{"line":71,"column":2},"end":{"line":71,"column":52}}]},"12":{"loc":{"start":{"line":71,"column":6},"end":{"line":71,"column":37}},"type":"binary-expr","locations":[{"start":{"line":71,"column":6},"end":{"line":71,"column":10}},{"start":{"line":71,"column":14},"end":{"line":71,"column":37}}]},"13":{"loc":{"start":{"line":75,"column":4},"end":{"line":79,"column":36}},"type":"binary-expr","locations":[{"start":{"line":75,"column":4},"end":{"line":75,"column":15}},{"start":{"line":76,"column":4},"end":{"line":76,"column":20}},{"start":{"line":77,"column":4},"end":{"line":77,"column":30}},{"start":{"line":78,"column":4},"end":{"line":78,"column":30}},{"start":{"line":79,"column":4},"end":{"line":79,"column":36}}]}},"s":{"0":24,"1":4,"2":20,"3":20,"4":1014,"5":2025,"6":8,"7":3,"8":5,"9":5,"10":27,"11":3,"12":24,"13":24,"14":24,"15":1,"16":23,"17":7,"18":9,"19":10,"20":5,"21":5,"22":10,"23":2,"24":8,"25":8},"f":{"0":24,"1":1014,"2":2025,"3":8,"4":27,"5":7,"6":9,"7":10,"8":5,"9":5,"10":10},"b":{"0":[4],"1":[24,20],"2":[20,17,16,15,14,13,6],"3":[1014,1013],"4":[3],"5":[5,3,2],"6":[3],"7":[27,24],"8":[24,20,17,14,11,9,6,4],"9":[1],"10":[23,4,4,22,5,5,21,5,5,20,4,4,19,4,4,18,5,17,4,16,5],"11":[2],"12":[10,8],"13":[8,7,6,5,4]}}
,"/Volumes/VideoProjects/MaiQR - Platform/git-src/nostr-crypto-utils/src/types/protocol.ts": {"path":"/Volumes/VideoProjects/MaiQR - Platform/git-src/nostr-crypto-utils/src/types/protocol.ts","statementMap":{"0":{"start":{"line":8,"column":0},"end":{"line":8,"column":null}},"1":{"start":{"line":9,"column":2},"end":{"line":9,"column":null}},"2":{"start":{"line":10,"column":2},"end":{"line":10,"column":null}},"3":{"start":{"line":11,"column":2},"end":{"line":11,"column":null}},"4":{"start":{"line":12,"column":2},"end":{"line":12,"column":null}},"5":{"start":{"line":13,"column":2},"end":{"line":13,"column":null}},"6":{"start":{"line":14,"column":2},"end":{"line":14,"column":null}},"7":{"start":{"line":15,"column":2},"end":{"line":15,"column":null}},"8":{"start":{"line":21,"column":0},"end":{"line":21,"column":null}},"9":{"start":{"line":22,"column":2},"end":{"line":22,"column":null}},"10":{"start":{"line":23,"column":2},"end":{"line":23,"column":null}},"11":{"start":{"line":24,"column":2},"end":{"line":24,"column":null}},"12":{"start":{"line":25,"column":2},"end":{"line":25,"column":null}},"13":{"start":{"line":26,"column":2},"end":{"line":26,"column":null}},"14":{"start":{"line":27,"column":2},"end":{"line":27,"column":null}},"15":{"start":{"line":28,"column":2},"end":{"line":28,"column":null}},"16":{"start":{"line":29,"column":2},"end":{"line":29,"column":null}},"17":{"start":{"line":30,"column":2},"end":{"line":30,"column":null}},"18":{"start":{"line":31,"column":2},"end":{"line":31,"column":null}},"19":{"start":{"line":32,"column":2},"end":{"line":32,"column":null}},"20":{"start":{"line":33,"column":2},"end":{"line":33,"column":null}}},"fnMap":{"0":{"name":"(anonymous_0)","decl":{"start":{"line":8,"column":0},"end":{"line":8,"column":6}},"loc":{"start":{"line":8,"column":28},"end":{"line":16,"column":1}}},"1":{"name":"(anonymous_1)","decl":{"start":{"line":21,"column":0},"end":{"line":21,"column":6}},"loc":{"start":{"line":21,"column":26},"end":{"line":34,"column":1}}}},"branchMap":{"0":{"loc":{"start":{"line":8,"column":12},"end":{"line":8,"column":null}},"type":"binary-expr","locations":[{"start":{"line":8,"column":12},"end":{"line":8,"column":28}},{"start":{"line":8,"column":12},"end":{"line":8,"column":null}}]},"1":{"loc":{"start":{"line":21,"column":12},"end":{"line":21,"column":null}},"type":"binary-expr","locations":[{"start":{"line":21,"column":12},"end":{"line":21,"column":26}},{"start":{"line":21,"column":12},"end":{"line":21,"column":null}}]}},"s":{"0":1,"1":1,"2":1,"3":1,"4":1,"5":1,"6":1,"7":1,"8":1,"9":1,"10":1,"11":1,"12":1,"13":1,"14":1,"15":1,"16":1,"17":1,"18":1,"19":1,"20":1},"f":{"0":1,"1":1},"b":{"0":[1,1],"1":[1,1]}}
}
