TN:
SF:src/types/guards.ts
FN:7,isNostrEvent
FN:16,(anonymous_1)
FN:16,(anonymous_2)
FN:24,isSignedNostrEvent
FN:38,isNostrFilter
FN:56,(anonymous_5)
FN:57,(anonymous_6)
FN:58,(anonymous_7)
FN:59,(anonymous_8)
FN:60,(anonymous_9)
FN:70,isNostrSubscription
FNF:11
FNH:11
FNDA:24,isNostrEvent
FNDA:1014,(anonymous_1)
FNDA:2025,(anonymous_2)
FNDA:8,isSignedNostrEvent
FNDA:27,isNostrFilter
FNDA:7,(anonymous_5)
FNDA:9,(anonymous_6)
FNDA:10,(anonymous_7)
FNDA:5,(anonymous_8)
FNDA:5,(anonymous_9)
FNDA:10,isNostrSubscription
DA:8,24
DA:10,20
DA:11,20
DA:16,2025
DA:25,8
DA:27,5
DA:28,5
DA:39,27
DA:41,24
DA:43,24
DA:53,24
DA:55,23
DA:56,7
DA:57,9
DA:58,10
DA:59,5
DA:60,5
DA:71,10
DA:73,8
DA:74,8
LF:20
LH:20
BRDA:8,0,0,4
BRDA:8,1,0,24
BRDA:8,1,1,20
BRDA:12,2,0,20
BRDA:12,2,1,17
BRDA:12,2,2,16
BRDA:12,2,3,15
BRDA:12,2,4,14
BRDA:12,2,5,13
BRDA:12,2,6,6
BRDA:16,3,0,1014
BRDA:16,3,1,1013
BRDA:25,4,0,3
BRDA:29,5,0,5
BRDA:29,5,1,3
BRDA:29,5,2,2
BRDA:39,6,0,3
BRDA:39,7,0,27
BRDA:39,7,1,24
BRDA:43,8,0,24
BRDA:43,8,1,20
BRDA:43,8,2,17
BRDA:43,8,3,14
BRDA:43,8,4,11
BRDA:43,8,5,9
BRDA:43,8,6,6
BRDA:43,8,7,4
BRDA:53,9,0,1
BRDA:56,10,0,23
BRDA:56,10,1,4
BRDA:56,10,2,4
BRDA:56,10,3,22
BRDA:56,10,4,5
BRDA:56,10,5,5
BRDA:56,10,6,21
BRDA:56,10,7,5
BRDA:56,10,8,5
BRDA:56,10,9,20
BRDA:56,10,10,4
BRDA:56,10,11,4
BRDA:56,10,12,19
BRDA:56,10,13,4
BRDA:56,10,14,4
BRDA:56,10,15,18
BRDA:56,10,16,5
BRDA:56,10,17,17
BRDA:56,10,18,4
BRDA:56,10,19,16
BRDA:56,10,20,5
BRDA:71,11,0,2
BRDA:71,12,0,10
BRDA:71,12,1,8
BRDA:75,13,0,8
BRDA:75,13,1,7
BRDA:75,13,2,6
BRDA:75,13,3,5
BRDA:75,13,4,4
BRF:57
BRH:57
end_of_record
TN:
SF:src/types/protocol.ts
FN:8,(anonymous_0)
FN:21,(anonymous_1)
FNF:2
FNH:2
FNDA:1,(anonymous_0)
FNDA:1,(anonymous_1)
DA:8,1
DA:9,1
DA:10,1
DA:11,1
DA:12,1
DA:13,1
DA:14,1
DA:15,1
DA:21,1
DA:22,1
DA:23,1
DA:24,1
DA:25,1
DA:26,1
DA:27,1
DA:28,1
DA:29,1
DA:30,1
DA:31,1
DA:32,1
DA:33,1
LF:21
LH:21
BRDA:8,0,0,1
BRDA:8,0,1,1
BRDA:21,1,0,1
BRDA:21,1,1,1
BRF:4
BRH:4
end_of_record
